0 info it worked if it ends with ok
1 verbose cli [ '/usr/bin/nodejs',
1 verbose cli   '/usr/bin/npm',
1 verbose cli   'install',
1 verbose cli   'gulp',
1 verbose cli   'gulp-sass',
1 verbose cli   '—save-dev' ]
2 info using npm@1.4.21
3 info using node@v0.10.25
4 warn package.json app@1.0.0 No README data
5 verbose readDependencies using package.json deps
6 verbose cache add [ 'gulp@^3.9.0', null ]
7 verbose cache add name=undefined spec="gulp@^3.9.0" args=["gulp@^3.9.0",null]
8 verbose parsed url { protocol: null,
8 verbose parsed url   slashes: null,
8 verbose parsed url   auth: null,
8 verbose parsed url   host: null,
8 verbose parsed url   port: null,
8 verbose parsed url   hostname: null,
8 verbose parsed url   hash: null,
8 verbose parsed url   search: null,
8 verbose parsed url   query: null,
8 verbose parsed url   pathname: 'gulp@^3.9.0',
8 verbose parsed url   path: 'gulp@^3.9.0',
8 verbose parsed url   href: 'gulp@^3.9.0' }
9 verbose cache add [ 'gulp-sass@^2.1.1', null ]
10 verbose cache add name=undefined spec="gulp-sass@^2.1.1" args=["gulp-sass@^2.1.1",null]
11 verbose parsed url { protocol: null,
11 verbose parsed url   slashes: null,
11 verbose parsed url   auth: null,
11 verbose parsed url   host: null,
11 verbose parsed url   port: null,
11 verbose parsed url   hostname: null,
11 verbose parsed url   hash: null,
11 verbose parsed url   search: null,
11 verbose parsed url   query: null,
11 verbose parsed url   pathname: 'gulp-sass@^2.1.1',
11 verbose parsed url   path: 'gulp-sass@^2.1.1',
11 verbose parsed url   href: 'gulp-sass@^2.1.1' }
12 verbose cache add [ '—save-dev', null ]
13 verbose cache add name=undefined spec="—save-dev" args=["—save-dev",null]
14 verbose parsed url { protocol: null,
14 verbose parsed url   slashes: null,
14 verbose parsed url   auth: null,
14 verbose parsed url   host: null,
14 verbose parsed url   port: null,
14 verbose parsed url   hostname: null,
14 verbose parsed url   hash: null,
14 verbose parsed url   search: null,
14 verbose parsed url   query: null,
14 verbose parsed url   pathname: '—save-dev',
14 verbose parsed url   path: '—save-dev',
14 verbose parsed url   href: '—save-dev' }
15 verbose cache add name="gulp" spec="^3.9.0" args=["gulp","^3.9.0"]
16 verbose parsed url { protocol: null,
16 verbose parsed url   slashes: null,
16 verbose parsed url   auth: null,
16 verbose parsed url   host: null,
16 verbose parsed url   port: null,
16 verbose parsed url   hostname: null,
16 verbose parsed url   hash: null,
16 verbose parsed url   search: null,
16 verbose parsed url   query: null,
16 verbose parsed url   pathname: '^3.9.0',
16 verbose parsed url   path: '^3.9.0',
16 verbose parsed url   href: '^3.9.0' }
17 verbose addNamed [ 'gulp', '^3.9.0' ]
18 verbose addNamed [ null, '>=3.9.0-0 <4.0.0-0' ]
19 verbose cache add name="gulp-sass" spec="^2.1.1" args=["gulp-sass","^2.1.1"]
20 verbose parsed url { protocol: null,
20 verbose parsed url   slashes: null,
20 verbose parsed url   auth: null,
20 verbose parsed url   host: null,
20 verbose parsed url   port: null,
20 verbose parsed url   hostname: null,
20 verbose parsed url   hash: null,
20 verbose parsed url   search: null,
20 verbose parsed url   query: null,
20 verbose parsed url   pathname: '^2.1.1',
20 verbose parsed url   path: '^2.1.1',
20 verbose parsed url   href: '^2.1.1' }
21 verbose addNamed [ 'gulp-sass', '^2.1.1' ]
22 verbose addNamed [ null, '>=2.1.1-0 <3.0.0-0' ]
23 silly lockFile a7ccee77-gulp-3-9-0 gulp@^3.9.0
24 verbose lock gulp@^3.9.0 /home/noli/.npm/a7ccee77-gulp-3-9-0.lock
25 silly lockFile e046b123-gulp-sass-2-1-1 gulp-sass@^2.1.1
26 verbose lock gulp-sass@^2.1.1 /home/noli/.npm/e046b123-gulp-sass-2-1-1.lock
27 silly lockFile aef4ff72-save-dev —save-dev
28 verbose lock —save-dev /home/noli/.npm/aef4ff72-save-dev.lock
29 silly addNameRange { name: 'gulp', range: '>=3.9.0-0 <4.0.0-0', hasData: false }
30 silly addNameRange { name: 'gulp-sass',
30 silly addNameRange   range: '>=2.1.1-0 <3.0.0-0',
30 silly addNameRange   hasData: false }
31 silly lockFile aef4ff72-save-dev —save-dev
32 silly lockFile aef4ff72-save-dev —save-dev
33 verbose addNamed [ '—save-dev', '' ]
34 verbose addNamed [ null, '*' ]
35 silly lockFile 3c95c2cd-save-dev —save-dev@
36 verbose lock —save-dev@ /home/noli/.npm/3c95c2cd-save-dev.lock
37 silly addNameRange { name: '—save-dev', range: '*', hasData: false }
38 verbose request where is /gulp
39 verbose request registry https://registry.npmjs.org/
40 verbose request id c2e87f72a8a346a2
41 verbose url raw /gulp
42 verbose url resolving [ 'https://registry.npmjs.org/', './gulp' ]
43 verbose url resolved https://registry.npmjs.org/gulp
44 verbose request where is https://registry.npmjs.org/gulp
45 info trying registry request attempt 1 at 22:31:44
46 verbose etag "B96T358OHQ791463S569II0XF"
47 http GET https://registry.npmjs.org/gulp
48 verbose request where is /—save-dev
49 verbose request registry https://registry.npmjs.org/
50 verbose url raw /—save-dev
51 verbose url resolving [ 'https://registry.npmjs.org/', './%E2%80%94save-dev' ]
52 verbose url resolved https://registry.npmjs.org/%E2%80%94save-dev
53 verbose request where is https://registry.npmjs.org/%E2%80%94save-dev
54 info trying registry request attempt 1 at 22:31:44
55 http GET https://registry.npmjs.org/%E2%80%94save-dev
56 verbose request where is /gulp-sass
57 verbose request registry https://registry.npmjs.org/
58 verbose url raw /gulp-sass
59 verbose url resolving [ 'https://registry.npmjs.org/', './gulp-sass' ]
60 verbose url resolved https://registry.npmjs.org/gulp-sass
61 verbose request where is https://registry.npmjs.org/gulp-sass
62 info trying registry request attempt 1 at 22:31:44
63 verbose etag "9216BRBDVGDEVTOH72R1WMEM9"
64 http GET https://registry.npmjs.org/gulp-sass
65 http 304 https://registry.npmjs.org/gulp
66 silly registry.get cb [ 304,
66 silly registry.get   { date: 'Sat, 06 Feb 2016 20:31:44 GMT',
66 silly registry.get     via: '1.1 varnish',
66 silly registry.get     'cache-control': 'max-age=300',
66 silly registry.get     etag: '"B96T358OHQ791463S569II0XF"',
66 silly registry.get     age: '233',
66 silly registry.get     connection: 'keep-alive',
66 silly registry.get     'x-served-by': 'cache-fra1248-FRA',
66 silly registry.get     'x-cache': 'HIT',
66 silly registry.get     'x-cache-hits': '3',
66 silly registry.get     'x-timer': 'S1454790704.472026,VS0,VE0',
66 silly registry.get     vary: 'Accept' } ]
67 verbose etag https://registry.npmjs.org/gulp from cache
68 silly addNameRange number 2 { name: 'gulp', range: '>=3.9.0-0 <4.0.0-0', hasData: true }
69 silly addNameRange versions [ 'gulp',
69 silly addNameRange   [ '0.0.1',
69 silly addNameRange     '0.0.2',
69 silly addNameRange     '0.0.3',
69 silly addNameRange     '0.0.4',
69 silly addNameRange     '0.0.5',
69 silly addNameRange     '0.0.7',
69 silly addNameRange     '0.0.8',
69 silly addNameRange     '0.0.9',
69 silly addNameRange     '0.1.0',
69 silly addNameRange     '0.2.0',
69 silly addNameRange     '1.0.0',
69 silly addNameRange     '1.1.0',
69 silly addNameRange     '1.2.0',
69 silly addNameRange     '1.2.1',
69 silly addNameRange     '2.0.0',
69 silly addNameRange     '2.0.1',
69 silly addNameRange     '2.1.0',
69 silly addNameRange     '2.2.0',
69 silly addNameRange     '2.3.0',
69 silly addNameRange     '2.4.0',
69 silly addNameRange     '2.4.1',
69 silly addNameRange     '2.6.0',
69 silly addNameRange     '2.6.1',
69 silly addNameRange     '2.7.0',
69 silly addNameRange     '3.0.0',
69 silly addNameRange     '3.1.1',
69 silly addNameRange     '3.1.2',
69 silly addNameRange     '3.1.3',
69 silly addNameRange     '3.1.4',
69 silly addNameRange     '3.2.0',
69 silly addNameRange     '3.2.1',
69 silly addNameRange     '3.2.2',
69 silly addNameRange     '3.2.3',
69 silly addNameRange     '3.2.4',
69 silly addNameRange     '3.2.5',
69 silly addNameRange     '3.3.0',
69 silly addNameRange     '3.3.1',
69 silly addNameRange     '3.3.2',
69 silly addNameRange     '3.3.4',
69 silly addNameRange     '3.4.0',
69 silly addNameRange     '3.5.0',
69 silly addNameRange     '3.5.1',
69 silly addNameRange     '3.5.2',
69 silly addNameRange     '3.5.5',
69 silly addNameRange     '3.5.6',
69 silly addNameRange     '3.6.0',
69 silly addNameRange     '3.6.1',
69 silly addNameRange     '3.6.2',
69 silly addNameRange     '3.7.0',
69 silly addNameRange     '3.8.0',
69 silly addNameRange     '3.8.1',
69 silly addNameRange     '3.8.2',
69 silly addNameRange     '3.8.3',
69 silly addNameRange     '3.8.4',
69 silly addNameRange     '3.8.5',
69 silly addNameRange     '3.8.6',
69 silly addNameRange     '3.8.7',
69 silly addNameRange     '3.8.8',
69 silly addNameRange     '3.8.9',
69 silly addNameRange     '3.8.10',
69 silly addNameRange     '3.8.11',
69 silly addNameRange     '3.9.0' ] ]
70 verbose addNamed [ 'gulp', '3.9.0' ]
71 verbose addNamed [ '3.9.0', '3.9.0' ]
72 silly lockFile c2697a61-gulp-3-9-0 gulp@3.9.0
73 verbose lock gulp@3.9.0 /home/noli/.npm/c2697a61-gulp-3-9-0.lock
74 silly lockFile c2697a61-gulp-3-9-0 gulp@3.9.0
75 silly lockFile c2697a61-gulp-3-9-0 gulp@3.9.0
76 http 200 https://registry.npmjs.org/gulp-sass
77 silly registry.get cb [ 200,
77 silly registry.get   { server: 'CouchDB/1.5.0 (Erlang OTP/R16B03)',
77 silly registry.get     etag: '"881YIXGJ1WXR9REHR8RVFXT69"',
77 silly registry.get     'content-type': 'application/json',
77 silly registry.get     'cache-control': 'max-age=300',
77 silly registry.get     'content-length': '48699',
77 silly registry.get     'accept-ranges': 'bytes',
77 silly registry.get     date: 'Sat, 06 Feb 2016 20:31:44 GMT',
77 silly registry.get     via: '1.1 varnish',
77 silly registry.get     age: '246',
77 silly registry.get     connection: 'keep-alive',
77 silly registry.get     'x-served-by': 'cache-fra1222-FRA',
77 silly registry.get     'x-cache': 'HIT',
77 silly registry.get     'x-cache-hits': '1',
77 silly registry.get     'x-timer': 'S1454790704.519369,VS0,VE0',
77 silly registry.get     vary: 'Accept' } ]
78 silly lockFile a7ccee77-gulp-3-9-0 gulp@^3.9.0
79 silly lockFile a7ccee77-gulp-3-9-0 gulp@^3.9.0
80 silly addNameRange number 2 { name: 'gulp-sass', range: '>=2.1.1-0 <3.0.0-0', hasData: true }
81 silly addNameRange versions [ 'gulp-sass',
81 silly addNameRange   [ '0.1.0',
81 silly addNameRange     '0.2.1',
81 silly addNameRange     '0.2.2',
81 silly addNameRange     '0.2.3',
81 silly addNameRange     '0.3.0',
81 silly addNameRange     '0.4.0',
81 silly addNameRange     '0.4.1',
81 silly addNameRange     '0.5.0',
81 silly addNameRange     '0.5.1',
81 silly addNameRange     '0.5.2',
81 silly addNameRange     '0.6.0',
81 silly addNameRange     '0.7.0',
81 silly addNameRange     '0.7.1',
81 silly addNameRange     '0.7.2',
81 silly addNameRange     '0.7.3',
81 silly addNameRange     '1.0.0',
81 silly addNameRange     '1.1.0',
81 silly addNameRange     '1.2.0',
81 silly addNameRange     '1.2.1',
81 silly addNameRange     '1.2.2',
81 silly addNameRange     '1.2.3',
81 silly addNameRange     '1.2.4',
81 silly addNameRange     '1.3.0',
81 silly addNameRange     '1.3.1',
81 silly addNameRange     '1.3.2',
81 silly addNameRange     '1.3.3',
81 silly addNameRange     '2.0.0-alpha.1',
81 silly addNameRange     '2.0.0',
81 silly addNameRange     '2.0.2',
81 silly addNameRange     '2.0.3',
81 silly addNameRange     '2.0.4',
81 silly addNameRange     '2.1.0-beta',
81 silly addNameRange     '2.1.0',
81 silly addNameRange     '2.1.1',
81 silly addNameRange     '2.2.0',
81 silly addNameRange     '2.3.0-beta.1' ] ]
82 verbose addNamed [ 'gulp-sass', '2.2.0' ]
83 verbose addNamed [ '2.2.0', '2.2.0' ]
84 silly lockFile 53771eeb-gulp-sass-2-2-0 gulp-sass@2.2.0
85 verbose lock gulp-sass@2.2.0 /home/noli/.npm/53771eeb-gulp-sass-2-2-0.lock
86 silly lockFile 53771eeb-gulp-sass-2-2-0 gulp-sass@2.2.0
87 silly lockFile 53771eeb-gulp-sass-2-2-0 gulp-sass@2.2.0
88 silly lockFile e046b123-gulp-sass-2-1-1 gulp-sass@^2.1.1
89 silly lockFile e046b123-gulp-sass-2-1-1 gulp-sass@^2.1.1
90 http 404 https://registry.npmjs.org/%E2%80%94save-dev
91 silly registry.get cb [ 404,
91 silly registry.get   { 'content-type': 'application/json',
91 silly registry.get     'cache-control': 'max-age=0',
91 silly registry.get     'content-length': '73',
91 silly registry.get     'accept-ranges': 'bytes',
91 silly registry.get     date: 'Sat, 06 Feb 2016 20:31:44 GMT',
91 silly registry.get     via: '1.1 varnish',
91 silly registry.get     age: '0',
91 silly registry.get     connection: 'keep-alive',
91 silly registry.get     'x-served-by': 'cache-fra1234-FRA',
91 silly registry.get     'x-cache': 'MISS',
91 silly registry.get     'x-cache-hits': '0',
91 silly registry.get     'x-timer': 'S1454790704.483200,VS0,VE415' } ]
92 silly lockFile 3c95c2cd-save-dev —save-dev@
93 silly lockFile 3c95c2cd-save-dev —save-dev@
94 error 404 Not Found
94 error 404
94 error 404 '—save-dev' is not in the npm registry.
94 error 404 You should bug the author to publish it
94 error 404 It was specified as a dependency of 'app'
94 error 404
94 error 404 Note that you can also install from a
94 error 404 tarball, folder, or http url, or git url.
95 error System Linux 3.19.0-49-generic
96 error command "/usr/bin/nodejs" "/usr/bin/npm" "install" "gulp" "gulp-sass" "—save-dev"
97 error cwd /var/www/html/hw16
98 error node -v v0.10.25
99 error npm -v 1.4.21
100 error code E404
101 verbose exit [ 1, true ]
